<?xml version="1.0" encoding="UTF-8"?>
<coverage generated="1656414615755" clover="3.2.0">
  <project timestamp="1656414615755" name="All files">
    <metrics statements="3" coveredstatements="3" conditionals="4" coveredconditionals="2" methods="1" coveredmethods="1" elements="8" coveredelements="6" complexity="0" loc="3" ncloc="3" packages="1" files="1" classes="1"/>
    <file name="index.js" path="/Users/mayuragarwal/Desktop/NodeSonarExample/src/index.js">
      <metrics statements="3" coveredstatements="3" conditionals="4" coveredconditionals="2" methods="1" coveredmethods="1"/>
      <line num="14" count="1" type="stmt"/>
      <line num="15" count="1" type="cond" truecount="2" falsecount="2"/>
      <line num="16" count="1" type="stmt"/>
    </file>
  </project>
</coverage>
